2019-08-19 09:36:38,854 INFO[com.lovecws.mumu.presto.utils.FileWatchUtil:39] - whitelistip whitelistip
2019-08-19 09:39:05,433 INFO[com.lovecws.mumu.presto.utils.FileWatchUtil:39] - wip_1557284975738_201905081104_udp_unknow_33333.csv wip_1557284975738_201905081104_udp_unknow_33333.csv
2019-08-19 09:39:41,152 INFO[com.lovecws.mumu.presto.utils.FileWatchUtil:39] - ENTRY_DELETE wip_1557284975742_201905081104_udp_lantronix-udp_30718.csv
2019-08-19 10:35:47,622 INFO[com.lovecws.mumu.presto.utils.FileWatchUtil:25] - ----
2019-08-19 10:35:52,040 INFO[com.lovecws.mumu.presto.utils.FileWatchUtil:40] - ENTRY_DELETE wip_1557284975750_201905081104_udp_dnp3_20000.csv
2019-08-19 10:35:52,041 INFO[com.lovecws.mumu.presto.utils.FileWatchUtil:25] - ----
2019-08-19 10:37:47,057 INFO[com.lovecws.mumu.presto.utils.FileWatchUtil:25] - ----
2019-08-19 10:37:51,622 INFO[com.lovecws.mumu.presto.utils.FileWatchUtil:40] - ENTRY_DELETE wip_1557284975754_201905081104_udp_atg_10001.csv
2019-08-19 10:37:51,623 INFO[com.lovecws.mumu.presto.utils.FileWatchUtil:25] - ----
2019-08-19 10:37:55,263 INFO[com.lovecws.mumu.presto.utils.FileWatchUtil:40] - ENTRY_DELETE wip_1557284975759_201905081104_udp_omron-tcp_9600.csv
2019-08-19 10:37:55,263 INFO[com.lovecws.mumu.presto.utils.FileWatchUtil:25] - ----
2019-08-19 10:37:56,993 INFO[com.lovecws.mumu.presto.utils.FileWatchUtil:40] - ENTRY_DELETE wip_1557284975794_201905081104_udp_unknow_6000.csv
2019-08-19 10:37:56,998 INFO[com.lovecws.mumu.presto.utils.FileWatchUtil:25] - ----
2019-08-19 10:38:03,424 INFO[com.lovecws.mumu.presto.utils.FileWatchUtil:40] - ENTRY_CREATE wip_1557284975794_201905081104_udp_unknow_6000.csv
2019-08-19 10:38:03,425 INFO[com.lovecws.mumu.presto.utils.FileWatchUtil:25] - ----
2019-08-19 10:38:03,426 INFO[com.lovecws.mumu.presto.utils.FileWatchUtil:40] - ENTRY_MODIFY wip_1557284975794_201905081104_udp_unknow_6000.csv
2019-08-19 10:38:03,426 INFO[com.lovecws.mumu.presto.utils.FileWatchUtil:25] - ----
2019-08-19 10:38:05,102 INFO[com.lovecws.mumu.presto.utils.FileWatchUtil:40] - ENTRY_CREATE wip_1557284975759_201905081104_udp_omron-tcp_9600.csv
2019-08-19 10:38:05,103 INFO[com.lovecws.mumu.presto.utils.FileWatchUtil:25] - ----
2019-08-19 10:38:05,103 INFO[com.lovecws.mumu.presto.utils.FileWatchUtil:40] - ENTRY_MODIFY wip_1557284975759_201905081104_udp_omron-tcp_9600.csv
2019-08-19 10:38:05,104 INFO[com.lovecws.mumu.presto.utils.FileWatchUtil:25] - ----
2019-08-19 10:40:34,351 INFO[com.lovecws.mumu.presto.utils.FileWatchUtil:25] - ----
2019-08-19 10:40:38,870 INFO[com.lovecws.mumu.presto.utils.FileWatchUtil:40] - ENTRY_DELETE D:\data\PC-201903031412_48435a1fde62\20190428180901245000\201905081104\whitelistip\wip_1557284975759_201905081104_udp_omron-tcp_9600.csv
2019-08-19 10:40:38,871 INFO[com.lovecws.mumu.presto.utils.FileWatchUtil:25] - ----
2019-08-19 10:44:08,010 INFO[com.lovecws.mumu.presto.utils.FileWatchUtil:25] - ----
2019-08-19 10:44:47,193 INFO[com.lovecws.mumu.presto.utils.FileWatchUtil:40] - ENTRY_MODIFY D:\data\PC-201903031412_48435a1fde62\20190428180901245000\201905081104\whitelistip
2019-08-19 10:44:47,193 INFO[com.lovecws.mumu.presto.utils.FileWatchUtil:25] - ----
2019-08-19 10:44:49,788 INFO[com.lovecws.mumu.presto.utils.FileWatchUtil:40] - ENTRY_MODIFY D:\data\PC-201903031412_48435a1fde62\20190428180901245000\201905081104\whitelistip
2019-08-19 10:44:49,788 INFO[com.lovecws.mumu.presto.utils.FileWatchUtil:25] - ----
2019-08-19 11:03:52,022 INFO[com.lovecws.mumu.presto.utils.FileWatchUtil:35] - watch D:\data\PC-201903031412_48435a1fde62\20190428180901245000\201905081104\mzmap
2019-08-19 11:06:32,479 INFO[com.lovecws.mumu.presto.utils.FileWatchUtil:42] - watch D:\data\PC-201903031412_48435a1fde62\20190428180901245000\201905081104
2019-08-19 11:06:32,482 INFO[com.lovecws.mumu.presto.utils.FileWatchUtil:42] - watch D:\data\PC-201903031412_48435a1fde62\20190428180901245000\201905081104\nmap
2019-08-19 11:06:32,483 INFO[com.lovecws.mumu.presto.utils.FileWatchUtil:42] - watch D:\data\PC-201903031412_48435a1fde62\20190428180901245000\201905081104\result
2019-08-19 11:06:32,482 INFO[com.lovecws.mumu.presto.utils.FileWatchUtil:42] - watch D:\data\PC-201903031412_48435a1fde62\20190428180901245000\201905081104\mzmap
2019-08-19 11:06:32,484 INFO[com.lovecws.mumu.presto.utils.FileWatchUtil:42] - watch D:\data\PC-201903031412_48435a1fde62\20190428180901245000\201905081104\zmap
2019-08-19 11:06:32,500 INFO[com.lovecws.mumu.presto.utils.FileWatchUtil:42] - watch D:\data\PC-201903031412_48435a1fde62\20190428180901245000\201905081104\whitelistip
2019-08-19 11:06:42,674 INFO[com.lovecws.mumu.presto.utils.FileWatchUtil:51] - ENTRY_MODIFY D:\data\PC-201903031412_48435a1fde62\20190428180901245000\201905081104\whitelistip
2019-08-19 11:06:42,673 INFO[com.lovecws.mumu.presto.utils.FileWatchUtil:40] - ENTRY_MODIFY D:\data\PC-201903031412_48435a1fde62\20190428180901245000\201905081104\whitelistip
2019-08-19 11:06:42,679 INFO[com.lovecws.mumu.presto.utils.FileWatchUtil:25] - ----
2019-08-19 11:06:42,675 INFO[com.lovecws.mumu.presto.utils.FileWatchUtil:42] - watch D:\data\PC-201903031412_48435a1fde62\20190428180901245000\201905081104
2019-08-19 11:06:42,675 INFO[com.lovecws.mumu.presto.utils.FileWatchUtil:51] - ENTRY_DELETE D:\data\PC-201903031412_48435a1fde62\20190428180901245000\201905081104\whitelistip\wip_1557284975798_201905081104_udp_hart-ip_5094.csv
2019-08-19 11:06:42,681 INFO[com.lovecws.mumu.presto.utils.FileWatchUtil:42] - watch D:\data\PC-201903031412_48435a1fde62\20190428180901245000\201905081104\whitelistip
2019-08-19 11:08:24,312 INFO[com.lovecws.mumu.presto.utils.FileWatchUtil:26] - watch D:\data\PC-201903031412_48435a1fde62\20190428180901245000\201905081104
2019-08-19 11:08:24,338 INFO[com.lovecws.mumu.presto.utils.FileWatchUtil:26] - watch D:\data\PC-201903031412_48435a1fde62\20190428180901245000\201905081104\mzmap
2019-08-19 11:08:24,339 INFO[com.lovecws.mumu.presto.utils.FileWatchUtil:26] - watch D:\data\PC-201903031412_48435a1fde62\20190428180901245000\201905081104\nmap
2019-08-19 11:08:24,340 INFO[com.lovecws.mumu.presto.utils.FileWatchUtil:26] - watch D:\data\PC-201903031412_48435a1fde62\20190428180901245000\201905081104\result
2019-08-19 11:08:24,341 INFO[com.lovecws.mumu.presto.utils.FileWatchUtil:26] - watch D:\data\PC-201903031412_48435a1fde62\20190428180901245000\201905081104\whitelistip
2019-08-19 11:08:24,341 INFO[com.lovecws.mumu.presto.utils.FileWatchUtil:26] - watch D:\data\PC-201903031412_48435a1fde62\20190428180901245000\201905081104\zmap
2019-08-19 11:08:28,078 INFO[com.lovecws.mumu.presto.utils.FileWatchUtil:40] - ENTRY_MODIFY D:\data\PC-201903031412_48435a1fde62\20190428180901245000\201905081104\whitelistip
2019-08-19 11:08:28,078 INFO[com.lovecws.mumu.presto.utils.FileWatchUtil:25] - ----
2019-08-19 11:08:28,079 INFO[com.lovecws.mumu.presto.utils.FileWatchUtil:52] - ENTRY_MODIFY D:\data\PC-201903031412_48435a1fde62\20190428180901245000\201905081104\whitelistip
2019-08-19 11:08:28,079 INFO[com.lovecws.mumu.presto.utils.FileWatchUtil:52] - ENTRY_DELETE D:\data\PC-201903031412_48435a1fde62\20190428180901245000\201905081104\whitelistip\wip_1557284975802_201905081104_udp_melsec-q-tcp_5007.csv
2019-08-19 11:08:53,687 INFO[com.lovecws.mumu.presto.utils.FileWatchUtil:40] - ENTRY_CREATE D:\data\PC-201903031412_48435a1fde62\20190428180901245000\201905081104\新建文件夹
2019-08-19 11:08:53,687 INFO[com.lovecws.mumu.presto.utils.FileWatchUtil:25] - ----
2019-08-19 11:08:53,689 INFO[com.lovecws.mumu.presto.utils.FileWatchUtil:52] - ENTRY_CREATE D:\data\PC-201903031412_48435a1fde62\20190428180901245000\201905081104\新建文件夹
2019-08-19 11:08:53,689 INFO[com.lovecws.mumu.presto.utils.FileWatchUtil:26] - watch D:\data\PC-201903031412_48435a1fde62\20190428180901245000\201905081104\新建文件夹
2019-08-19 11:08:57,364 INFO[com.lovecws.mumu.presto.utils.FileWatchUtil:40] - ENTRY_DELETE D:\data\PC-201903031412_48435a1fde62\20190428180901245000\201905081104\新建文件夹
2019-08-19 11:08:57,364 INFO[com.lovecws.mumu.presto.utils.FileWatchUtil:40] - ENTRY_CREATE D:\data\PC-201903031412_48435a1fde62\20190428180901245000\201905081104\lovecws
2019-08-19 11:08:57,364 INFO[com.lovecws.mumu.presto.utils.FileWatchUtil:25] - ----
2019-08-19 11:08:57,364 INFO[com.lovecws.mumu.presto.utils.FileWatchUtil:52] - ENTRY_DELETE D:\data\PC-201903031412_48435a1fde62\20190428180901245000\201905081104\新建文件夹
2019-08-19 11:08:57,367 INFO[com.lovecws.mumu.presto.utils.FileWatchUtil:52] - ENTRY_CREATE D:\data\PC-201903031412_48435a1fde62\20190428180901245000\201905081104\lovecws
2019-08-19 11:08:57,367 INFO[com.lovecws.mumu.presto.utils.FileWatchUtil:26] - watch D:\data\PC-201903031412_48435a1fde62\20190428180901245000\201905081104\lovecws
2019-08-19 11:09:29,170 INFO[com.lovecws.mumu.presto.utils.FileWatchUtil:52] - ENTRY_CREATE D:\data\PC-201903031412_48435a1fde62\20190428180901245000\201905081104\新建文件夹\result_1557284978.txt
2019-08-19 11:09:29,171 INFO[com.lovecws.mumu.presto.utils.FileWatchUtil:40] - ENTRY_MODIFY D:\data\PC-201903031412_48435a1fde62\20190428180901245000\201905081104\lovecws
2019-08-19 11:09:29,172 INFO[com.lovecws.mumu.presto.utils.FileWatchUtil:52] - ENTRY_MODIFY D:\data\PC-201903031412_48435a1fde62\20190428180901245000\201905081104\新建文件夹\result_1557284978.txt
2019-08-19 11:09:29,171 INFO[com.lovecws.mumu.presto.utils.FileWatchUtil:25] - ----
2019-08-19 11:09:29,174 INFO[com.lovecws.mumu.presto.utils.FileWatchUtil:52] - ENTRY_CREATE D:\data\PC-201903031412_48435a1fde62\20190428180901245000\201905081104\lovecws\result_1557284978.txt
2019-08-19 11:09:29,174 INFO[com.lovecws.mumu.presto.utils.FileWatchUtil:52] - ENTRY_MODIFY D:\data\PC-201903031412_48435a1fde62\20190428180901245000\201905081104\lovecws
2019-08-19 11:09:29,184 INFO[com.lovecws.mumu.presto.utils.FileWatchUtil:52] - ENTRY_MODIFY D:\data\PC-201903031412_48435a1fde62\20190428180901245000\201905081104\lovecws\result_1557284978.txt
2019-08-19 11:13:23,332 INFO[com.lovecws.mumu.presto.utils.FileWatchUtil:52] - ENTRY_CREATE D:\data\PC-201903031412_48435a1fde62\20190428180901245000\201905081104\新建文件夹\result_1557284978 - 副本.txt
2019-08-19 11:13:23,334 INFO[com.lovecws.mumu.presto.utils.FileWatchUtil:40] - ENTRY_MODIFY D:\data\PC-201903031412_48435a1fde62\20190428180901245000\201905081104\lovecws
2019-08-19 11:13:23,334 INFO[com.lovecws.mumu.presto.utils.FileWatchUtil:25] - ----
2019-08-19 11:13:23,335 INFO[com.lovecws.mumu.presto.utils.FileWatchUtil:52] - ENTRY_CREATE D:\data\PC-201903031412_48435a1fde62\20190428180901245000\201905081104\lovecws\result_1557284978 - 副本.txt
2019-08-19 11:13:23,336 INFO[com.lovecws.mumu.presto.utils.FileWatchUtil:52] - ENTRY_MODIFY D:\data\PC-201903031412_48435a1fde62\20190428180901245000\201905081104\lovecws
2019-08-19 11:13:23,340 INFO[com.lovecws.mumu.presto.utils.FileWatchUtil:52] - ENTRY_MODIFY D:\data\PC-201903031412_48435a1fde62\20190428180901245000\201905081104\新建文件夹\result_1557284978 - 副本.txt
2019-08-19 11:13:23,340 INFO[com.lovecws.mumu.presto.utils.FileWatchUtil:52] - ENTRY_MODIFY D:\data\PC-201903031412_48435a1fde62\20190428180901245000\201905081104\lovecws\result_1557284978 - 副本.txt
2019-08-19 11:15:55,845 INFO[com.lovecws.mumu.presto.utils.FileWatchUtil:26] - watch D:\data\PC-201903031412_48435a1fde62\20190428180901245000\201905081104
2019-08-19 11:15:55,860 INFO[com.lovecws.mumu.presto.utils.FileWatchUtil:26] - watch D:\data\PC-201903031412_48435a1fde62\20190428180901245000\201905081104\lovecws
2019-08-19 11:15:55,860 INFO[com.lovecws.mumu.presto.utils.FileWatchUtil:26] - watch D:\data\PC-201903031412_48435a1fde62\20190428180901245000\201905081104\mzmap
2019-08-19 11:15:55,860 INFO[com.lovecws.mumu.presto.utils.FileWatchUtil:26] - watch D:\data\PC-201903031412_48435a1fde62\20190428180901245000\201905081104\nmap
2019-08-19 11:15:55,861 INFO[com.lovecws.mumu.presto.utils.FileWatchUtil:26] - watch D:\data\PC-201903031412_48435a1fde62\20190428180901245000\201905081104\result
2019-08-19 11:15:55,861 INFO[com.lovecws.mumu.presto.utils.FileWatchUtil:26] - watch D:\data\PC-201903031412_48435a1fde62\20190428180901245000\201905081104\whitelistip
2019-08-19 11:15:55,862 INFO[com.lovecws.mumu.presto.utils.FileWatchUtil:26] - watch D:\data\PC-201903031412_48435a1fde62\20190428180901245000\201905081104\zmap
2019-08-19 11:16:08,315 INFO[com.lovecws.mumu.presto.utils.FileWatchUtil:40] - ENTRY_CREATE D:\data\PC-201903031412_48435a1fde62\20190428180901245000\201905081104\result_1557284978.txt
2019-08-19 11:16:08,316 INFO[com.lovecws.mumu.presto.utils.FileWatchUtil:25] - ----
2019-08-19 11:16:08,318 INFO[com.lovecws.mumu.presto.utils.FileWatchUtil:40] - ENTRY_MODIFY D:\data\PC-201903031412_48435a1fde62\20190428180901245000\201905081104\result_1557284978.txt
2019-08-19 11:16:08,318 INFO[com.lovecws.mumu.presto.utils.FileWatchUtil:25] - ----
2019-08-19 11:16:08,319 INFO[com.lovecws.mumu.presto.utils.FileWatchUtil:51] - ENTRY_CREATE D:\data\PC-201903031412_48435a1fde62\20190428180901245000\201905081104\result_1557284978.txt
2019-08-19 11:16:08,328 INFO[com.lovecws.mumu.presto.utils.FileWatchUtil:51] - ENTRY_MODIFY D:\data\PC-201903031412_48435a1fde62\20190428180901245000\201905081104\result_1557284978.txt
2019-08-19 11:19:17,368 INFO[com.lovecws.mumu.presto.utils.FileWatchUtil:40] - ENTRY_DELETE D:\data\PC-201903031412_48435a1fde62\20190428180901245000\201905081104\result_1557284978.txt
2019-08-19 11:19:17,368 INFO[com.lovecws.mumu.presto.utils.FileWatchUtil:25] - ----
2019-08-19 11:19:17,374 INFO[com.lovecws.mumu.presto.utils.FileWatchUtil:51] - ENTRY_DELETE D:\data\PC-201903031412_48435a1fde62\20190428180901245000\201905081104\result_1557284978.txt
2019-08-19 11:19:28,694 INFO[com.lovecws.mumu.presto.utils.FileWatchUtil:40] - ENTRY_DELETE D:\data\PC-201903031412_48435a1fde62\20190428180901245000\201905081104\zmap
2019-08-19 11:19:28,694 INFO[com.lovecws.mumu.presto.utils.FileWatchUtil:25] - ----
2019-08-19 11:19:28,696 INFO[com.lovecws.mumu.presto.utils.FileWatchUtil:51] - ENTRY_DELETE D:\data\PC-201903031412_48435a1fde62\20190428180901245000\201905081104\zmap
2019-08-19 11:19:34,528 INFO[com.lovecws.mumu.presto.utils.FileWatchUtil:40] - ENTRY_CREATE D:\data\PC-201903031412_48435a1fde62\20190428180901245000\201905081104\zmap
2019-08-19 11:19:34,528 INFO[com.lovecws.mumu.presto.utils.FileWatchUtil:25] - ----
2019-08-19 11:19:34,530 INFO[com.lovecws.mumu.presto.utils.FileWatchUtil:51] - ENTRY_CREATE D:\data\PC-201903031412_48435a1fde62\20190428180901245000\201905081104\zmap
2019-08-19 11:19:34,530 INFO[com.lovecws.mumu.presto.utils.FileWatchUtil:26] - watch D:\data\PC-201903031412_48435a1fde62\20190428180901245000\201905081104\zmap
2019-08-19 16:49:37,066 INFO[com.alibaba.druid.pool.DruidDataSource:947] - {dataSource-1} inited
2019-08-19 16:49:56,002 INFO[com.alibaba.druid.pool.DruidDataSource:947] - {dataSource-1} inited
2019-08-19 16:50:26,778 INFO[com.alibaba.druid.pool.DruidDataSource:947] - {dataSource-1} inited
2019-08-19 16:51:15,694 INFO[com.alibaba.druid.pool.DruidDataSource:947] - {dataSource-1} inited
2019-08-19 16:51:46,689 INFO[com.alibaba.druid.pool.DruidDataSource:947] - {dataSource-1} inited
2019-08-19 16:52:03,844 INFO[com.alibaba.druid.pool.DruidDataSource:947] - {dataSource-1} inited
